[debug] [2025-10-20T12:57:32.700Z] ----------------------------------------------------------------------
[debug] [2025-10-20T12:57:32.713Z] Command:       C:\Program Files\nodejs\node.exe C:\Users\attil\AppData\Roaming\npm\node_modules\firebase-tools\lib\bin\firebase.js deploy --only functions
[debug] [2025-10-20T12:57:32.713Z] CLI Version:   14.20.0
[debug] [2025-10-20T12:57:32.714Z] Platform:      win32
[debug] [2025-10-20T12:57:32.714Z] Node Version:  v22.15.0
[debug] [2025-10-20T12:57:32.715Z] Time:          Mon Oct 20 2025 14:57:32 GMT+0200 (Ora legale dell’Europa centrale)
[debug] [2025-10-20T12:57:32.715Z] ----------------------------------------------------------------------
[debug] 
[debug] [2025-10-20T12:57:33.813Z] > command requires scopes: ["email","openid","https://www.googleapis.com/auth/cloudplatformprojects.readonly","https://www.googleapis.com/auth/firebase","https://www.googleapis.com/auth/cloud-platform"]
[debug] [2025-10-20T12:57:33.814Z] > authorizing via signed-in user (attiliomazzetti@gmail.com)
[debug] [2025-10-20T12:57:33.814Z] [iam] checking project attila-475314 for permissions ["cloudfunctions.functions.create","cloudfunctions.functions.delete","cloudfunctions.functions.get","cloudfunctions.functions.list","cloudfunctions.functions.update","cloudfunctions.operations.get","firebase.projects.get"]
[debug] [2025-10-20T12:57:33.822Z] Checked if tokens are valid: true, expires at: 1760967716744
[debug] [2025-10-20T12:57:33.823Z] Checked if tokens are valid: true, expires at: 1760967716744
[debug] [2025-10-20T12:57:33.828Z] >>> [apiv2][query] POST https://cloudresourcemanager.googleapis.com/v1/projects/attila-475314:testIamPermissions [none]
[debug] [2025-10-20T12:57:33.829Z] >>> [apiv2][(partial)header] POST https://cloudresourcemanager.googleapis.com/v1/projects/attila-475314:testIamPermissions x-goog-quota-user=projects/attila-475314
[debug] [2025-10-20T12:57:33.829Z] >>> [apiv2][body] POST https://cloudresourcemanager.googleapis.com/v1/projects/attila-475314:testIamPermissions {"permissions":["cloudfunctions.functions.create","cloudfunctions.functions.delete","cloudfunctions.functions.get","cloudfunctions.functions.list","cloudfunctions.functions.update","cloudfunctions.operations.get","firebase.projects.get"]}
[debug] [2025-10-20T12:57:34.928Z] <<< [apiv2][status] POST https://cloudresourcemanager.googleapis.com/v1/projects/attila-475314:testIamPermissions 200
[debug] [2025-10-20T12:57:34.928Z] <<< [apiv2][body] POST https://cloudresourcemanager.googleapis.com/v1/projects/attila-475314:testIamPermissions {"permissions":["cloudfunctions.functions.create","cloudfunctions.functions.delete","cloudfunctions.functions.get","cloudfunctions.functions.list","cloudfunctions.functions.update","cloudfunctions.operations.get","firebase.projects.get"]}
[debug] [2025-10-20T12:57:34.929Z] Checked if tokens are valid: true, expires at: 1760967716744
[debug] [2025-10-20T12:57:34.929Z] Checked if tokens are valid: true, expires at: 1760967716744
[debug] [2025-10-20T12:57:34.929Z] >>> [apiv2][query] POST https://iam.googleapis.com/v1/projects/attila-475314/serviceAccounts/attila-475314@appspot.gserviceaccount.com:testIamPermissions [none]
[debug] [2025-10-20T12:57:34.929Z] >>> [apiv2][body] POST https://iam.googleapis.com/v1/projects/attila-475314/serviceAccounts/attila-475314@appspot.gserviceaccount.com:testIamPermissions {"permissions":["iam.serviceAccounts.actAs"]}
[debug] [2025-10-20T12:57:35.853Z] <<< [apiv2][status] POST https://iam.googleapis.com/v1/projects/attila-475314/serviceAccounts/attila-475314@appspot.gserviceaccount.com:testIamPermissions 404
[debug] [2025-10-20T12:57:35.853Z] <<< [apiv2][body] POST https://iam.googleapis.com/v1/projects/attila-475314/serviceAccounts/attila-475314@appspot.gserviceaccount.com:testIamPermissions {"error":{"code":404,"message":"Unknown service account","status":"NOT_FOUND"}}
[debug] [2025-10-20T12:57:35.856Z] [functions] service account IAM check errored, deploy may fail: Request to https://iam.googleapis.com/v1/projects/attila-475314/serviceAccounts/attila-475314@appspot.gserviceaccount.com:testIamPermissions had HTTP Error: 404, Unknown service account {"name":"FirebaseError","children":[],"context":{"body":{"error":{"code":404,"message":"Unknown service account","status":"NOT_FOUND"}},"response":{"statusCode":404}},"exit":1,"message":"Request to https://iam.googleapis.com/v1/projects/attila-475314/serviceAccounts/attila-475314@appspot.gserviceaccount.com:testIamPermissions had HTTP Error: 404, Unknown service account","status":404}
[info] 
[info] === Deploying to 'attila-475314'...
[info] 
[info] i  deploying functions 
[debug] [2025-10-20T12:57:35.862Z] Checked if tokens are valid: true, expires at: 1760967716744
[debug] [2025-10-20T12:57:35.862Z] Checked if tokens are valid: true, expires at: 1760967716744
[debug] [2025-10-20T12:57:35.862Z] >>> [apiv2][query] GET https://cloudresourcemanager.googleapis.com/v1/projects/attila-475314 [none]
[debug] [2025-10-20T12:57:36.110Z] <<< [apiv2][status] GET https://cloudresourcemanager.googleapis.com/v1/projects/attila-475314 200
[debug] [2025-10-20T12:57:36.110Z] <<< [apiv2][body] GET https://cloudresourcemanager.googleapis.com/v1/projects/attila-475314 {"projectNumber":"814206807853","projectId":"attila-475314","lifecycleState":"ACTIVE","name":"attila","labels":{"firebase":"enabled","firebase-core":"disabled"},"createTime":"2025-10-16T14:59:04.572243Z"}
[info] i  functions: preparing codebase default for deployment 
[info] i  functions: ensuring required API cloudfunctions.googleapis.com is enabled... 
[info] i  functions: ensuring required API cloudbuild.googleapis.com is enabled... 
[info] i  artifactregistry: ensuring required API artifactregistry.googleapis.com is enabled... 
[debug] [2025-10-20T12:57:36.127Z] Checked if tokens are valid: true, expires at: 1760967716744
[debug] [2025-10-20T12:57:36.127Z] Checked if tokens are valid: true, expires at: 1760967716744
[debug] [2025-10-20T12:57:36.127Z] >>> [apiv2][query] GET https://firebase.googleapis.com/v1beta1/projects/attila-475314/adminSdkConfig [none]
[debug] [2025-10-20T12:57:36.644Z] <<< [apiv2][status] GET https://firebase.googleapis.com/v1beta1/projects/attila-475314/adminSdkConfig 200
[debug] [2025-10-20T12:57:36.644Z] <<< [apiv2][body] GET https://firebase.googleapis.com/v1beta1/projects/attila-475314/adminSdkConfig {"projectId":"attila-475314","storageBucket":"attila-475314.firebasestorage.app"}
[debug] [2025-10-20T12:57:36.645Z] Checked if tokens are valid: true, expires at: 1760967716744
[debug] [2025-10-20T12:57:36.645Z] Checked if tokens are valid: true, expires at: 1760967716744
[debug] [2025-10-20T12:57:36.645Z] >>> [apiv2][query] GET https://runtimeconfig.googleapis.com/v1beta1/projects/attila-475314/configs [none]
[debug] [2025-10-20T12:57:37.075Z] <<< [apiv2][status] GET https://runtimeconfig.googleapis.com/v1beta1/projects/attila-475314/configs 200
[debug] [2025-10-20T12:57:37.076Z] <<< [apiv2][body] GET https://runtimeconfig.googleapis.com/v1beta1/projects/attila-475314/configs {}
[debug] [2025-10-20T12:57:37.077Z] Validating nodejs source
[warn] !  functions: Runtime Node.js 18 was deprecated on 2025-04-30 and will be decommissioned on 2025-10-30, after which you will not be able to deploy without upgrading. Consider upgrading now to avoid disruption. See https://cloud.google.com/functions/docs/runtime-support for full details on the lifecycle policy 
[debug] [2025-10-20T12:57:40.593Z] > [functions] package.json contents: {
  "name": "functions",
  "description": "Cloud Functions for Firebase",
  "scripts": {
    "build": "tsc",
    "build:watch": "tsc --watch",
    "serve": "npm run build && firebase emulators:start --only functions",
    "shell": "npm run build && firebase functions:shell",
    "start": "npm run shell",
    "deploy": "firebase deploy --only functions",
    "logs": "firebase functions:log"
  },
  "engines": {
    "node": "20"
  },
  "main": "index.js",
  "dependencies": {
    "@google-cloud/vision": "^5.3.4",
    "firebase-admin": "^13.5.0",
    "firebase-functions": "^6.5.0"
  },
  "devDependencies": {
    "@types/node": "^18.0.0",
    "typescript": "^4.9.0"
  },
  "private": true
}
[debug] [2025-10-20T12:57:40.596Z] Building nodejs source
[info] i  functions: Loading and analyzing source code for codebase default to determine what to deploy 
[debug] [2025-10-20T12:57:40.605Z] Could not find functions.yaml. Must use http discovery
[debug] [2025-10-20T12:57:40.642Z] Found firebase-functions binary at 'C:\Users\attil\Desktop\Attila-Flagello\functions\node_modules\.bin\firebase-functions'
[info] Serving at port 8025

[debug] [2025-10-20T12:57:45.362Z] Got response from /__/functions.yaml {"endpoints":{"onImageUpload":{"platform":"gcfv2","availableMemoryMb":null,"timeoutSeconds":120,"minInstances":null,"maxInstances":null,"ingressSettings":null,"concurrency":null,"serviceAccountEmail":null,"vpc":null,"region":["europe-west1"],"labels":{},"eventTrigger":{"eventType":"google.cloud.storage.object.v1.finalized","eventFilters":{"bucket":"attila-475314.firebasestorage.app"},"retry":false},"entryPoint":"onImageUpload"}},"specVersion":"v1alpha1","requiredAPIs":[],"extensions":{}}
[error] (node:9548) MetadataLookupWarning: received unexpected error = All promises were rejected code = UNKNOWN
(Use `node --trace-warnings ...` to show where the warning was created)

[info] i  extensions: ensuring required API firebaseextensions.googleapis.com is enabled... 
[debug] [2025-10-20T12:57:49.425Z] > command requires scopes: ["email","openid","https://www.googleapis.com/auth/cloudplatformprojects.readonly","https://www.googleapis.com/auth/firebase","https://www.googleapis.com/auth/cloud-platform"]
[debug] [2025-10-20T12:57:49.425Z] > authorizing via signed-in user (attiliomazzetti@gmail.com)
[debug] [2025-10-20T12:57:49.425Z] [iam] checking project attila-475314 for permissions ["firebase.projects.get","firebaseextensions.instances.list"]
[debug] [2025-10-20T12:57:49.426Z] Checked if tokens are valid: true, expires at: 1760967716744
[debug] [2025-10-20T12:57:49.426Z] Checked if tokens are valid: true, expires at: 1760967716744
[debug] [2025-10-20T12:57:49.426Z] >>> [apiv2][query] POST https://cloudresourcemanager.googleapis.com/v1/projects/attila-475314:testIamPermissions [none]
[debug] [2025-10-20T12:57:49.426Z] >>> [apiv2][(partial)header] POST https://cloudresourcemanager.googleapis.com/v1/projects/attila-475314:testIamPermissions x-goog-quota-user=projects/attila-475314
[debug] [2025-10-20T12:57:49.426Z] >>> [apiv2][body] POST https://cloudresourcemanager.googleapis.com/v1/projects/attila-475314:testIamPermissions {"permissions":["firebase.projects.get","firebaseextensions.instances.list"]}
[debug] [2025-10-20T12:57:50.306Z] <<< [apiv2][status] POST https://cloudresourcemanager.googleapis.com/v1/projects/attila-475314:testIamPermissions 200
[debug] [2025-10-20T12:57:50.307Z] <<< [apiv2][body] POST https://cloudresourcemanager.googleapis.com/v1/projects/attila-475314:testIamPermissions {"permissions":["firebase.projects.get","firebaseextensions.instances.list"]}
[debug] [2025-10-20T12:57:50.307Z] Checked if tokens are valid: true, expires at: 1760967716744
[debug] [2025-10-20T12:57:50.307Z] Checked if tokens are valid: true, expires at: 1760967716744
[debug] [2025-10-20T12:57:50.307Z] >>> [apiv2][query] GET https://firebaseextensions.googleapis.com/v1beta/projects/attila-475314/instances pageSize=100&pageToken=
[debug] [2025-10-20T12:57:51.293Z] <<< [apiv2][status] GET https://firebaseextensions.googleapis.com/v1beta/projects/attila-475314/instances 200
[debug] [2025-10-20T12:57:51.293Z] <<< [apiv2][body] GET https://firebaseextensions.googleapis.com/v1beta/projects/attila-475314/instances {}
[info] i  functions: preparing functions directory for uploading... 
[info] i  functions: packaged C:\Users\attil\Desktop\Attila-Flagello\functions (33.94 KB) for uploading 
[debug] [2025-10-20T12:57:51.326Z] Checked if tokens are valid: true, expires at: 1760967716744
[debug] [2025-10-20T12:57:51.327Z] Checked if tokens are valid: true, expires at: 1760967716744
[debug] [2025-10-20T12:57:51.327Z] >>> [apiv2][query] GET https://cloudfunctions.googleapis.com/v1/projects/attila-475314/locations/-/functions [none]
[debug] [2025-10-20T12:57:52.061Z] <<< [apiv2][status] GET https://cloudfunctions.googleapis.com/v1/projects/attila-475314/locations/-/functions 200
[debug] [2025-10-20T12:57:52.061Z] <<< [apiv2][body] GET https://cloudfunctions.googleapis.com/v1/projects/attila-475314/locations/-/functions {}
[debug] [2025-10-20T12:57:52.061Z] Checked if tokens are valid: true, expires at: 1760967716744
[debug] [2025-10-20T12:57:52.061Z] Checked if tokens are valid: true, expires at: 1760967716744
[debug] [2025-10-20T12:57:52.062Z] >>> [apiv2][query] GET https://cloudfunctions.googleapis.com/v2/projects/attila-475314/locations/-/functions filter=environment%3D%22GEN_2%22
[debug] [2025-10-20T12:57:53.121Z] <<< [apiv2][status] GET https://cloudfunctions.googleapis.com/v2/projects/attila-475314/locations/-/functions 200
[debug] [2025-10-20T12:57:53.121Z] <<< [apiv2][body] GET https://cloudfunctions.googleapis.com/v2/projects/attila-475314/locations/-/functions {}
[debug] [2025-10-20T12:57:53.122Z] Looking up bucket region for the storage event trigger
[debug] [2025-10-20T12:57:53.122Z] Looking up bucket region for the storage event trigger on bucket attila-475314.firebasestorage.app
[debug] [2025-10-20T12:57:53.123Z] Checked if tokens are valid: true, expires at: 1760967716744
[debug] [2025-10-20T12:57:53.123Z] Checked if tokens are valid: true, expires at: 1760967716744
[debug] [2025-10-20T12:57:53.123Z] >>> [apiv2][query] GET https://storage.googleapis.com/storage/v1/b/attila-475314.firebasestorage.app [none]
[debug] [2025-10-20T12:57:53.383Z] <<< [apiv2][status] GET https://storage.googleapis.com/storage/v1/b/attila-475314.firebasestorage.app 200
[debug] [2025-10-20T12:57:53.383Z] <<< [apiv2][body] GET https://storage.googleapis.com/storage/v1/b/attila-475314.firebasestorage.app {"kind":"storage#bucket","selfLink":"https://www.googleapis.com/storage/v1/b/attila-475314.firebasestorage.app","id":"attila-475314.firebasestorage.app","name":"attila-475314.firebasestorage.app","projectNumber":"814206807853","generation":"1760964878859878205","metageneration":"1","location":"EUROPE-WEST1","storageClass":"REGIONAL","etag":"CAE=","timeCreated":"2025-10-20T12:54:39.488Z","updated":"2025-10-20T12:54:39.488Z","softDeletePolicy":{"retentionDurationSeconds":"604800","effectiveTime":"2025-10-20T12:54:39.488Z"},"iamConfiguration":{"bucketPolicyOnly":{"enabled":false},"uniformBucketLevelAccess":{"enabled":false},"publicAccessPrevention":"inherited"},"locationType":"region","satisfiesPZI":true}
[debug] [2025-10-20T12:57:53.383Z] Setting the event trigger region to europe-west1 .
[info] i  functions: ensuring required API run.googleapis.com is enabled... 
[debug] [2025-10-20T12:57:53.385Z] Checked if tokens are valid: true, expires at: 1760967716744
[debug] [2025-10-20T12:57:53.385Z] Checked if tokens are valid: true, expires at: 1760967716744
[info] i  functions: ensuring required API eventarc.googleapis.com is enabled... 
[debug] [2025-10-20T12:57:53.386Z] Checked if tokens are valid: true, expires at: 1760967716744
[debug] [2025-10-20T12:57:53.386Z] Checked if tokens are valid: true, expires at: 1760967716744
[info] i  functions: ensuring required API pubsub.googleapis.com is enabled... 
[debug] [2025-10-20T12:57:53.386Z] Checked if tokens are valid: true, expires at: 1760967716744
[debug] [2025-10-20T12:57:53.386Z] Checked if tokens are valid: true, expires at: 1760967716744
[info] i  functions: ensuring required API storage.googleapis.com is enabled... 
[debug] [2025-10-20T12:57:53.387Z] Checked if tokens are valid: true, expires at: 1760967716744
[debug] [2025-10-20T12:57:53.387Z] Checked if tokens are valid: true, expires at: 1760967716744
[debug] [2025-10-20T12:57:53.388Z] >>> [apiv2][query] GET https://serviceusage.googleapis.com/v1/projects/814206807853/services/run.googleapis.com [none]
[debug] [2025-10-20T12:57:53.388Z] >>> [apiv2][(partial)header] GET https://serviceusage.googleapis.com/v1/projects/814206807853/services/run.googleapis.com x-goog-quota-user=projects/814206807853
[debug] [2025-10-20T12:57:53.389Z] >>> [apiv2][query] GET https://serviceusage.googleapis.com/v1/projects/814206807853/services/eventarc.googleapis.com [none]
[debug] [2025-10-20T12:57:53.389Z] >>> [apiv2][(partial)header] GET https://serviceusage.googleapis.com/v1/projects/814206807853/services/eventarc.googleapis.com x-goog-quota-user=projects/814206807853
[debug] [2025-10-20T12:57:53.390Z] >>> [apiv2][query] GET https://serviceusage.googleapis.com/v1/projects/814206807853/services/pubsub.googleapis.com [none]
[debug] [2025-10-20T12:57:53.390Z] >>> [apiv2][(partial)header] GET https://serviceusage.googleapis.com/v1/projects/814206807853/services/pubsub.googleapis.com x-goog-quota-user=projects/814206807853
[debug] [2025-10-20T12:57:53.391Z] >>> [apiv2][query] GET https://serviceusage.googleapis.com/v1/projects/814206807853/services/storage.googleapis.com [none]
[debug] [2025-10-20T12:57:53.391Z] >>> [apiv2][(partial)header] GET https://serviceusage.googleapis.com/v1/projects/814206807853/services/storage.googleapis.com x-goog-quota-user=projects/814206807853
[debug] [2025-10-20T12:57:54.491Z] <<< [apiv2][status] GET https://serviceusage.googleapis.com/v1/projects/814206807853/services/eventarc.googleapis.com 200
[debug] [2025-10-20T12:57:54.491Z] <<< [apiv2][body] GET https://serviceusage.googleapis.com/v1/projects/814206807853/services/eventarc.googleapis.com [omitted]
[warn] !  functions: missing required API eventarc.googleapis.com. Enabling now... 
[debug] [2025-10-20T12:57:54.492Z] Checked if tokens are valid: true, expires at: 1760967716744
[debug] [2025-10-20T12:57:54.493Z] Checked if tokens are valid: true, expires at: 1760967716744
[debug] [2025-10-20T12:57:54.493Z] >>> [apiv2][query] POST https://serviceusage.googleapis.com/v1/projects/814206807853/services/eventarc.googleapis.com:enable [none]
[debug] [2025-10-20T12:57:54.493Z] >>> [apiv2][(partial)header] POST https://serviceusage.googleapis.com/v1/projects/814206807853/services/eventarc.googleapis.com:enable x-goog-quota-user=projects/814206807853
[debug] [2025-10-20T12:57:54.535Z] <<< [apiv2][status] GET https://serviceusage.googleapis.com/v1/projects/814206807853/services/pubsub.googleapis.com 200
[debug] [2025-10-20T12:57:54.536Z] <<< [apiv2][body] GET https://serviceusage.googleapis.com/v1/projects/814206807853/services/pubsub.googleapis.com [omitted]
[info] +  functions: required API pubsub.googleapis.com is enabled 
[debug] [2025-10-20T12:57:54.541Z] <<< [apiv2][status] GET https://serviceusage.googleapis.com/v1/projects/814206807853/services/run.googleapis.com 200
[debug] [2025-10-20T12:57:54.542Z] <<< [apiv2][body] GET https://serviceusage.googleapis.com/v1/projects/814206807853/services/run.googleapis.com [omitted]
[warn] !  functions: missing required API run.googleapis.com. Enabling now... 
[debug] [2025-10-20T12:57:54.542Z] Checked if tokens are valid: true, expires at: 1760967716744
[debug] [2025-10-20T12:57:54.542Z] Checked if tokens are valid: true, expires at: 1760967716744
[debug] [2025-10-20T12:57:54.542Z] >>> [apiv2][query] POST https://serviceusage.googleapis.com/v1/projects/814206807853/services/run.googleapis.com:enable [none]
[debug] [2025-10-20T12:57:54.542Z] >>> [apiv2][(partial)header] POST https://serviceusage.googleapis.com/v1/projects/814206807853/services/run.googleapis.com:enable x-goog-quota-user=projects/814206807853
[debug] [2025-10-20T12:57:54.545Z] <<< [apiv2][status] GET https://serviceusage.googleapis.com/v1/projects/814206807853/services/storage.googleapis.com 200
[debug] [2025-10-20T12:57:54.545Z] <<< [apiv2][body] GET https://serviceusage.googleapis.com/v1/projects/814206807853/services/storage.googleapis.com [omitted]
[info] +  functions: required API storage.googleapis.com is enabled 
[debug] [2025-10-20T12:57:55.735Z] <<< [apiv2][status] POST https://serviceusage.googleapis.com/v1/projects/814206807853/services/eventarc.googleapis.com:enable 200
[debug] [2025-10-20T12:57:55.736Z] <<< [apiv2][body] POST https://serviceusage.googleapis.com/v1/projects/814206807853/services/eventarc.googleapis.com:enable [omitted]
[debug] [2025-10-20T12:57:55.792Z] <<< [apiv2][status] POST https://serviceusage.googleapis.com/v1/projects/814206807853/services/run.googleapis.com:enable 200
[debug] [2025-10-20T12:57:55.792Z] <<< [apiv2][body] POST https://serviceusage.googleapis.com/v1/projects/814206807853/services/run.googleapis.com:enable [omitted]
[info] i  functions: generating the service identity for pubsub.googleapis.com... 
[debug] [2025-10-20T12:58:05.798Z] Checked if tokens are valid: true, expires at: 1760967716744
[debug] [2025-10-20T12:58:05.798Z] Checked if tokens are valid: true, expires at: 1760967716744
[info] i  functions: generating the service identity for eventarc.googleapis.com... 
[debug] [2025-10-20T12:58:05.799Z] Checked if tokens are valid: true, expires at: 1760967716744
[debug] [2025-10-20T12:58:05.799Z] Checked if tokens are valid: true, expires at: 1760967716744
[debug] [2025-10-20T12:58:05.799Z] >>> [apiv2][query] POST https://serviceusage.googleapis.com/v1beta1/projects/814206807853/services/pubsub.googleapis.com:generateServiceIdentity [none]
[debug] [2025-10-20T12:58:05.799Z] >>> [apiv2][(partial)header] POST https://serviceusage.googleapis.com/v1beta1/projects/814206807853/services/pubsub.googleapis.com:generateServiceIdentity x-goog-quota-user=projects/814206807853
[debug] [2025-10-20T12:58:05.799Z] >>> [apiv2][body] POST https://serviceusage.googleapis.com/v1beta1/projects/814206807853/services/pubsub.googleapis.com:generateServiceIdentity {}
[debug] [2025-10-20T12:58:05.801Z] >>> [apiv2][query] POST https://serviceusage.googleapis.com/v1beta1/projects/814206807853/services/eventarc.googleapis.com:generateServiceIdentity [none]
[debug] [2025-10-20T12:58:05.801Z] >>> [apiv2][(partial)header] POST https://serviceusage.googleapis.com/v1beta1/projects/814206807853/services/eventarc.googleapis.com:generateServiceIdentity x-goog-quota-user=projects/814206807853
[debug] [2025-10-20T12:58:05.801Z] >>> [apiv2][body] POST https://serviceusage.googleapis.com/v1beta1/projects/814206807853/services/eventarc.googleapis.com:generateServiceIdentity {}
[debug] [2025-10-20T12:58:07.019Z] <<< [apiv2][status] POST https://serviceusage.googleapis.com/v1beta1/projects/814206807853/services/pubsub.googleapis.com:generateServiceIdentity 200
[debug] [2025-10-20T12:58:07.019Z] <<< [apiv2][body] POST https://serviceusage.googleapis.com/v1beta1/projects/814206807853/services/pubsub.googleapis.com:generateServiceIdentity {"name":"operations/finished.DONE_OPERATION","done":true,"response":{"@type":"type.googleapis.com/google.api.serviceusage.v1beta1.ServiceIdentity","email":"service-814206807853@gcp-sa-pubsub.iam.gserviceaccount.com","uniqueId":"106205672887291928899"}}
[debug] [2025-10-20T12:58:07.115Z] <<< [apiv2][status] POST https://serviceusage.googleapis.com/v1beta1/projects/814206807853/services/eventarc.googleapis.com:generateServiceIdentity 200
[debug] [2025-10-20T12:58:07.116Z] <<< [apiv2][body] POST https://serviceusage.googleapis.com/v1beta1/projects/814206807853/services/eventarc.googleapis.com:generateServiceIdentity {"name":"operations/finished.DONE_OPERATION","done":true,"response":{"@type":"type.googleapis.com/google.api.serviceusage.v1beta1.ServiceIdentity","email":"service-814206807853@gcp-sa-eventarc.iam.gserviceaccount.com","uniqueId":"106575911211732241952"}}
[debug] [2025-10-20T12:58:07.122Z] Checked if tokens are valid: true, expires at: 1760967716744
[debug] [2025-10-20T12:58:07.123Z] Checked if tokens are valid: true, expires at: 1760967716744
[debug] [2025-10-20T12:58:07.124Z] >>> [apiv2][query] GET https://storage.googleapis.com/storage/v1/projects/814206807853/serviceAccount [none]
[debug] [2025-10-20T12:58:07.829Z] <<< [apiv2][status] GET https://storage.googleapis.com/storage/v1/projects/814206807853/serviceAccount 200
[debug] [2025-10-20T12:58:07.829Z] <<< [apiv2][body] GET https://storage.googleapis.com/storage/v1/projects/814206807853/serviceAccount {"kind":"storage#serviceAccount","email_address":"service-814206807853@gs-project-accounts.iam.gserviceaccount.com"}
[debug] [2025-10-20T12:58:07.829Z] Checked if tokens are valid: true, expires at: 1760967716744
[debug] [2025-10-20T12:58:07.830Z] Checked if tokens are valid: true, expires at: 1760967716744
[debug] [2025-10-20T12:58:07.830Z] >>> [apiv2][query] GET https://compute.googleapis.com/compute/v1/projects/814206807853 [none]
[debug] [2025-10-20T12:58:08.289Z] <<< [apiv2][status] GET https://compute.googleapis.com/compute/v1/projects/814206807853 403
[debug] [2025-10-20T12:58:08.289Z] <<< [apiv2][body] GET https://compute.googleapis.com/compute/v1/projects/814206807853 {"error":{"code":403,"message":"Compute Engine API has not been used in project 814206807853 before or it is disabled. Enable it by visiting https://console.developers.google.com/apis/api/compute.googleapis.com/overview?project=814206807853 then retry. If you enabled this API recently, wait a few minutes for the action to propagate to our systems and retry.","errors":[{"message":"Compute Engine API has not been used in project 814206807853 before or it is disabled. Enable it by visiting https://console.developers.google.com/apis/api/compute.googleapis.com/overview?project=814206807853 then retry. If you enabled this API recently, wait a few minutes for the action to propagate to our systems and retry.","domain":"usageLimits","reason":"accessNotConfigured","extendedHelp":"https://console.developers.google.com"}],"status":"PERMISSION_DENIED","details":[{"@type":"type.googleapis.com/google.rpc.ErrorInfo","reason":"SERVICE_DISABLED","domain":"googleapis.com","metadata":{"service":"compute.googleapis.com","containerInfo":"814206807853","consumer":"projects/814206807853","serviceTitle":"Compute Engine API","activationUrl":"https://console.developers.google.com/apis/api/compute.googleapis.com/overview?project=814206807853"}},{"@type":"type.googleapis.com/google.rpc.LocalizedMessage","locale":"en-US","message":"Compute Engine API has not been used in project 814206807853 before or it is disabled. Enable it by visiting https://console.developers.google.com/apis/api/compute.googleapis.com/overview?project=814206807853 then retry. If you enabled this API recently, wait a few minutes for the action to propagate to our systems and retry."},{"@type":"type.googleapis.com/google.rpc.Help","links":[{"description":"Google developers console API activation","url":"https://console.developers.google.com/apis/api/compute.googleapis.com/overview?project=814206807853"}]}]}}
[debug] [2025-10-20T12:58:08.289Z] unable to look up default compute service account. Falling back to 814206807853-compute@developer.gserviceaccount.com. Error: {"name":"FirebaseError","children":[],"context":{"body":{"error":{"code":403,"message":"Compute Engine API has not been used in project 814206807853 before or it is disabled. Enable it by visiting https://console.developers.google.com/apis/api/compute.googleapis.com/overview?project=814206807853 then retry. If you enabled this API recently, wait a few minutes for the action to propagate to our systems and retry.","errors":[{"message":"Compute Engine API has not been used in project 814206807853 before or it is disabled. Enable it by visiting https://console.developers.google.com/apis/api/compute.googleapis.com/overview?project=814206807853 then retry. If you enabled this API recently, wait a few minutes for the action to propagate to our systems and retry.","domain":"usageLimits","reason":"accessNotConfigured","extendedHelp":"https://console.developers.google.com"}],"status":"PERMISSION_DENIED","details":[{"@type":"type.googleapis.com/google.rpc.ErrorInfo","reason":"SERVICE_DISABLED","domain":"googleapis.com","metadata":{"service":"compute.googleapis.com","containerInfo":"814206807853","consumer":"projects/814206807853","serviceTitle":"Compute Engine API","activationUrl":"https://console.developers.google.com/apis/api/compute.googleapis.com/overview?project=814206807853"}},{"@type":"type.googleapis.com/google.rpc.LocalizedMessage","locale":"en-US","message":"Compute Engine API has not been used in project 814206807853 before or it is disabled. Enable it by visiting https://console.developers.google.com/apis/api/compute.googleapis.com/overview?project=814206807853 then retry. If you enabled this API recently, wait a few minutes for the action to propagate to our systems and retry."},{"@type":"type.googleapis.com/google.rpc.Help","links":[{"description":"Google developers console API activation","url":"https://console.developers.google.com/apis/api/compute.googleapis.com/overview?project=814206807853"}]}]}},"response":{"statusCode":403}},"exit":1,"message":"Request to https://compute.googleapis.com/compute/v1/projects/814206807853 had HTTP Error: 403, Compute Engine API has not been used in project 814206807853 before or it is disabled. Enable it by visiting https://console.developers.google.com/apis/api/compute.googleapis.com/overview?project=814206807853 then retry. If you enabled this API recently, wait a few minutes for the action to propagate to our systems and retry.","status":403}
[debug] [2025-10-20T12:58:08.290Z] Checked if tokens are valid: true, expires at: 1760967716744
[debug] [2025-10-20T12:58:08.290Z] Checked if tokens are valid: true, expires at: 1760967716744
[debug] [2025-10-20T12:58:08.290Z] >>> [apiv2][query] POST https://cloudresourcemanager.googleapis.com/v1/projects/814206807853:getIamPolicy [none]
[debug] [2025-10-20T12:58:09.226Z] <<< [apiv2][status] POST https://cloudresourcemanager.googleapis.com/v1/projects/814206807853:getIamPolicy 200
[debug] [2025-10-20T12:58:09.226Z] <<< [apiv2][body] POST https://cloudresourcemanager.googleapis.com/v1/projects/814206807853:getIamPolicy {"version":1,"etag":"BwZBlqHvAMU=","bindings":[{"role":"roles/cloudaicompanion.serviceAgent","members":["serviceAccount:service-814206807853@gcp-sa-cloudaicompanion.iam.gserviceaccount.com"]},{"role":"roles/cloudbuild.builds.builder","members":["serviceAccount:814206807853@cloudbuild.gserviceaccount.com"]},{"role":"roles/cloudbuild.serviceAgent","members":["serviceAccount:service-814206807853@gcp-sa-cloudbuild.iam.gserviceaccount.com"]},{"role":"roles/cloudfunctions.admin","members":["serviceAccount:firebase-adminsdk-fbsvc@attila-475314.iam.gserviceaccount.com"]},{"role":"roles/containerregistry.ServiceAgent","members":["serviceAccount:service-814206807853@containerregistry.iam.gserviceaccount.com"]},{"role":"roles/editor","members":["serviceAccount:814206807853@cloudservices.gserviceaccount.com","serviceAccount:814206807853-compute@developer.gserviceaccount.com","user:attiliomazzetti@gmail.com"]},{"role":"roles/firebase.managementServiceAgent","members":["serviceAccount:service-814206807853@gcp-sa-firebase.iam.gserviceaccount.com"]},{"role":"roles/firebase.sdkAdminServiceAgent","members":["serviceAccount:firebase-adminsdk-fbsvc@attila-475314.iam.gserviceaccount.com"]},{"role":"roles/firebaseauth.admin","members":["serviceAccount:firebase-adminsdk-fbsvc@attila-475314.iam.gserviceaccount.com"]},{"role":"roles/firebasemods.serviceAgent","members":["serviceAccount:service-814206807853@gcp-sa-firebasemods.iam.gserviceaccount.com"]},{"role":"roles/firebaserules.system","members":["serviceAccount:service-814206807853@firebase-rules.iam.gserviceaccount.com"]},{"role":"roles/firebasestorage.serviceAgent","members":["serviceAccount:service-814206807853@gcp-sa-firebasestorage.iam.gserviceaccount.com"]},{"role":"roles/firestore.serviceAgent","members":["serviceAccount:service-814206807853@gcp-sa-firestore.iam.gserviceaccount.com"]},{"role":"roles/iam.serviceAccountTokenCreator","members":["serviceAccount:firebase-adminsdk-fbsvc@attila-475314.iam.gserviceaccount.com"]},{"role":"roles/owner","members":["user:attiliomazzetti@gmail.com"]},{"role":"roles/run.serviceAgent","members":["serviceAccount:service-814206807853@serverless-robot-prod.iam.gserviceaccount.com"]},{"role":"roles/storage.admin","members":["serviceAccount:firebase-adminsdk-fbsvc@attila-475314.iam.gserviceaccount.com"]}]}
[debug] [2025-10-20T12:58:09.227Z] Checked if tokens are valid: true, expires at: 1760967716744
[debug] [2025-10-20T12:58:09.227Z] Checked if tokens are valid: true, expires at: 1760967716744
[debug] [2025-10-20T12:58:09.227Z] >>> [apiv2][query] POST https://cloudresourcemanager.googleapis.com/v1/projects/814206807853:setIamPolicy [none]
[debug] [2025-10-20T12:58:09.227Z] >>> [apiv2][body] POST https://cloudresourcemanager.googleapis.com/v1/projects/814206807853:setIamPolicy {"policy":{"version":1,"etag":"BwZBlqHvAMU=","bindings":[{"role":"roles/cloudaicompanion.serviceAgent","members":["serviceAccount:service-814206807853@gcp-sa-cloudaicompanion.iam.gserviceaccount.com"]},{"role":"roles/cloudbuild.builds.builder","members":["serviceAccount:814206807853@cloudbuild.gserviceaccount.com"]},{"role":"roles/cloudbuild.serviceAgent","members":["serviceAccount:service-814206807853@gcp-sa-cloudbuild.iam.gserviceaccount.com"]},{"role":"roles/cloudfunctions.admin","members":["serviceAccount:firebase-adminsdk-fbsvc@attila-475314.iam.gserviceaccount.com"]},{"role":"roles/containerregistry.ServiceAgent","members":["serviceAccount:service-814206807853@containerregistry.iam.gserviceaccount.com"]},{"role":"roles/editor","members":["serviceAccount:814206807853@cloudservices.gserviceaccount.com","serviceAccount:814206807853-compute@developer.gserviceaccount.com","user:attiliomazzetti@gmail.com"]},{"role":"roles/firebase.managementServiceAgent","members":["serviceAccount:service-814206807853@gcp-sa-firebase.iam.gserviceaccount.com"]},{"role":"roles/firebase.sdkAdminServiceAgent","members":["serviceAccount:firebase-adminsdk-fbsvc@attila-475314.iam.gserviceaccount.com"]},{"role":"roles/firebaseauth.admin","members":["serviceAccount:firebase-adminsdk-fbsvc@attila-475314.iam.gserviceaccount.com"]},{"role":"roles/firebasemods.serviceAgent","members":["serviceAccount:service-814206807853@gcp-sa-firebasemods.iam.gserviceaccount.com"]},{"role":"roles/firebaserules.system","members":["serviceAccount:service-814206807853@firebase-rules.iam.gserviceaccount.com"]},{"role":"roles/firebasestorage.serviceAgent","members":["serviceAccount:service-814206807853@gcp-sa-firebasestorage.iam.gserviceaccount.com"]},{"role":"roles/firestore.serviceAgent","members":["serviceAccount:service-814206807853@gcp-sa-firestore.iam.gserviceaccount.com"]},{"role":"roles/iam.serviceAccountTokenCreator","members":["serviceAccount:firebase-adminsdk-fbsvc@attila-475314.iam.gserviceaccount.com","serviceAccount:service-814206807853@gcp-sa-pubsub.iam.gserviceaccount.com"]},{"role":"roles/owner","members":["user:attiliomazzetti@gmail.com"]},{"role":"roles/run.serviceAgent","members":["serviceAccount:service-814206807853@serverless-robot-prod.iam.gserviceaccount.com"]},{"role":"roles/storage.admin","members":["serviceAccount:firebase-adminsdk-fbsvc@attila-475314.iam.gserviceaccount.com"]},{"role":"roles/pubsub.publisher","members":["serviceAccount:service-814206807853@gs-project-accounts.iam.gserviceaccount.com"]},{"role":"roles/run.invoker","members":["serviceAccount:814206807853-compute@developer.gserviceaccount.com"]},{"role":"roles/eventarc.eventReceiver","members":["serviceAccount:814206807853-compute@developer.gserviceaccount.com"]}]},"updateMask":"bindings"}
[debug] [2025-10-20T12:58:10.418Z] <<< [apiv2][status] POST https://cloudresourcemanager.googleapis.com/v1/projects/814206807853:setIamPolicy 200
[debug] [2025-10-20T12:58:10.419Z] <<< [apiv2][body] POST https://cloudresourcemanager.googleapis.com/v1/projects/814206807853:setIamPolicy {"version":1,"etag":"BwZBlqKrlvs=","bindings":[{"role":"roles/cloudaicompanion.serviceAgent","members":["serviceAccount:service-814206807853@gcp-sa-cloudaicompanion.iam.gserviceaccount.com"]},{"role":"roles/cloudbuild.builds.builder","members":["serviceAccount:814206807853@cloudbuild.gserviceaccount.com"]},{"role":"roles/cloudbuild.serviceAgent","members":["serviceAccount:service-814206807853@gcp-sa-cloudbuild.iam.gserviceaccount.com"]},{"role":"roles/cloudfunctions.admin","members":["serviceAccount:firebase-adminsdk-fbsvc@attila-475314.iam.gserviceaccount.com"]},{"role":"roles/containerregistry.ServiceAgent","members":["serviceAccount:service-814206807853@containerregistry.iam.gserviceaccount.com"]},{"role":"roles/editor","members":["serviceAccount:814206807853-compute@developer.gserviceaccount.com","serviceAccount:814206807853@cloudservices.gserviceaccount.com","user:attiliomazzetti@gmail.com"]},{"role":"roles/eventarc.eventReceiver","members":["serviceAccount:814206807853-compute@developer.gserviceaccount.com"]},{"role":"roles/firebase.managementServiceAgent","members":["serviceAccount:service-814206807853@gcp-sa-firebase.iam.gserviceaccount.com"]},{"role":"roles/firebase.sdkAdminServiceAgent","members":["serviceAccount:firebase-adminsdk-fbsvc@attila-475314.iam.gserviceaccount.com"]},{"role":"roles/firebaseauth.admin","members":["serviceAccount:firebase-adminsdk-fbsvc@attila-475314.iam.gserviceaccount.com"]},{"role":"roles/firebasemods.serviceAgent","members":["serviceAccount:service-814206807853@gcp-sa-firebasemods.iam.gserviceaccount.com"]},{"role":"roles/firebaserules.system","members":["serviceAccount:service-814206807853@firebase-rules.iam.gserviceaccount.com"]},{"role":"roles/firebasestorage.serviceAgent","members":["serviceAccount:service-814206807853@gcp-sa-firebasestorage.iam.gserviceaccount.com"]},{"role":"roles/firestore.serviceAgent","members":["serviceAccount:service-814206807853@gcp-sa-firestore.iam.gserviceaccount.com"]},{"role":"roles/iam.serviceAccountTokenCreator","members":["serviceAccount:firebase-adminsdk-fbsvc@attila-475314.iam.gserviceaccount.com","serviceAccount:service-814206807853@gcp-sa-pubsub.iam.gserviceaccount.com"]},{"role":"roles/owner","members":["user:attiliomazzetti@gmail.com"]},{"role":"roles/pubsub.publisher","members":["serviceAccount:service-814206807853@gs-project-accounts.iam.gserviceaccount.com"]},{"role":"roles/run.invoker","members":["serviceAccount:814206807853-compute@developer.gserviceaccount.com"]},{"role":"roles/run.serviceAgent","members":["serviceAccount:service-814206807853@serverless-robot-prod.iam.gserviceaccount.com"]},{"role":"roles/storage.admin","members":["serviceAccount:firebase-adminsdk-fbsvc@attila-475314.iam.gserviceaccount.com"]}]}
[debug] [2025-10-20T12:58:10.420Z] Checked if tokens are valid: true, expires at: 1760967716744
[debug] [2025-10-20T12:58:10.420Z] Checked if tokens are valid: true, expires at: 1760967716744
[debug] [2025-10-20T12:58:10.420Z] >>> [apiv2][query] GET https://cloudresourcemanager.googleapis.com/v1/projects/attila-475314 [none]
[debug] [2025-10-20T12:58:11.045Z] <<< [apiv2][status] GET https://cloudresourcemanager.googleapis.com/v1/projects/attila-475314 200
[debug] [2025-10-20T12:58:11.045Z] <<< [apiv2][body] GET https://cloudresourcemanager.googleapis.com/v1/projects/attila-475314 {"projectNumber":"814206807853","projectId":"attila-475314","lifecycleState":"ACTIVE","name":"attila","labels":{"firebase":"enabled","firebase-core":"disabled"},"createTime":"2025-10-16T14:59:04.572243Z"}
[debug] [2025-10-20T12:58:11.046Z] Checked if tokens are valid: true, expires at: 1760967716744
[debug] [2025-10-20T12:58:11.046Z] Checked if tokens are valid: true, expires at: 1760967716744
[debug] [2025-10-20T12:58:11.047Z] >>> [apiv2][query] GET https://compute.googleapis.com/compute/v1/projects/814206807853 [none]
[debug] [2025-10-20T12:58:11.386Z] <<< [apiv2][status] GET https://compute.googleapis.com/compute/v1/projects/814206807853 403
[debug] [2025-10-20T12:58:11.386Z] <<< [apiv2][body] GET https://compute.googleapis.com/compute/v1/projects/814206807853 {"error":{"code":403,"message":"Compute Engine API has not been used in project 814206807853 before or it is disabled. Enable it by visiting https://console.developers.google.com/apis/api/compute.googleapis.com/overview?project=814206807853 then retry. If you enabled this API recently, wait a few minutes for the action to propagate to our systems and retry.","errors":[{"message":"Compute Engine API has not been used in project 814206807853 before or it is disabled. Enable it by visiting https://console.developers.google.com/apis/api/compute.googleapis.com/overview?project=814206807853 then retry. If you enabled this API recently, wait a few minutes for the action to propagate to our systems and retry.","domain":"usageLimits","reason":"accessNotConfigured","extendedHelp":"https://console.developers.google.com"}],"status":"PERMISSION_DENIED","details":[{"@type":"type.googleapis.com/google.rpc.ErrorInfo","reason":"SERVICE_DISABLED","domain":"googleapis.com","metadata":{"activationUrl":"https://console.developers.google.com/apis/api/compute.googleapis.com/overview?project=814206807853","consumer":"projects/814206807853","serviceTitle":"Compute Engine API","containerInfo":"814206807853","service":"compute.googleapis.com"}},{"@type":"type.googleapis.com/google.rpc.LocalizedMessage","locale":"en-US","message":"Compute Engine API has not been used in project 814206807853 before or it is disabled. Enable it by visiting https://console.developers.google.com/apis/api/compute.googleapis.com/overview?project=814206807853 then retry. If you enabled this API recently, wait a few minutes for the action to propagate to our systems and retry."},{"@type":"type.googleapis.com/google.rpc.Help","links":[{"description":"Google developers console API activation","url":"https://console.developers.google.com/apis/api/compute.googleapis.com/overview?project=814206807853"}]}]}}
[debug] [2025-10-20T12:58:11.387Z] unable to look up default compute service account. Falling back to 814206807853-compute@developer.gserviceaccount.com. Error: {"name":"FirebaseError","children":[],"context":{"body":{"error":{"code":403,"message":"Compute Engine API has not been used in project 814206807853 before or it is disabled. Enable it by visiting https://console.developers.google.com/apis/api/compute.googleapis.com/overview?project=814206807853 then retry. If you enabled this API recently, wait a few minutes for the action to propagate to our systems and retry.","errors":[{"message":"Compute Engine API has not been used in project 814206807853 before or it is disabled. Enable it by visiting https://console.developers.google.com/apis/api/compute.googleapis.com/overview?project=814206807853 then retry. If you enabled this API recently, wait a few minutes for the action to propagate to our systems and retry.","domain":"usageLimits","reason":"accessNotConfigured","extendedHelp":"https://console.developers.google.com"}],"status":"PERMISSION_DENIED","details":[{"@type":"type.googleapis.com/google.rpc.ErrorInfo","reason":"SERVICE_DISABLED","domain":"googleapis.com","metadata":{"activationUrl":"https://console.developers.google.com/apis/api/compute.googleapis.com/overview?project=814206807853","consumer":"projects/814206807853","serviceTitle":"Compute Engine API","containerInfo":"814206807853","service":"compute.googleapis.com"}},{"@type":"type.googleapis.com/google.rpc.LocalizedMessage","locale":"en-US","message":"Compute Engine API has not been used in project 814206807853 before or it is disabled. Enable it by visiting https://console.developers.google.com/apis/api/compute.googleapis.com/overview?project=814206807853 then retry. If you enabled this API recently, wait a few minutes for the action to propagate to our systems and retry."},{"@type":"type.googleapis.com/google.rpc.Help","links":[{"description":"Google developers console API activation","url":"https://console.developers.google.com/apis/api/compute.googleapis.com/overview?project=814206807853"}]}]}},"response":{"statusCode":403}},"exit":1,"message":"Request to https://compute.googleapis.com/compute/v1/projects/814206807853 had HTTP Error: 403, Compute Engine API has not been used in project 814206807853 before or it is disabled. Enable it by visiting https://console.developers.google.com/apis/api/compute.googleapis.com/overview?project=814206807853 then retry. If you enabled this API recently, wait a few minutes for the action to propagate to our systems and retry.","status":403}
[debug] [2025-10-20T12:58:11.389Z] Checked if tokens are valid: true, expires at: 1760967716744
[debug] [2025-10-20T12:58:11.389Z] Checked if tokens are valid: true, expires at: 1760967716744
[debug] [2025-10-20T12:58:11.389Z] >>> [apiv2][query] GET https://cloudbilling.googleapis.com/v1/projects/attila-475314/billingInfo [none]
[debug] [2025-10-20T12:58:12.688Z] <<< [apiv2][status] GET https://cloudbilling.googleapis.com/v1/projects/attila-475314/billingInfo 200
[debug] [2025-10-20T12:58:12.688Z] <<< [apiv2][body] GET https://cloudbilling.googleapis.com/v1/projects/attila-475314/billingInfo {"name":"projects/attila-475314/billingInfo","projectId":"attila-475314","billingAccountName":"billingAccounts/0104FB-1640A3-A1644A","billingEnabled":true}
[debug] [2025-10-20T12:58:12.692Z] Checked if tokens are valid: true, expires at: 1760967716744
[debug] [2025-10-20T12:58:12.692Z] Checked if tokens are valid: true, expires at: 1760967716744
[debug] [2025-10-20T12:58:12.692Z] >>> [apiv2][query] POST https://cloudfunctions.googleapis.com/v2/projects/attila-475314/locations/europe-west1/functions:generateUploadUrl [none]
[debug] [2025-10-20T12:58:16.198Z] <<< [apiv2][status] POST https://cloudfunctions.googleapis.com/v2/projects/attila-475314/locations/europe-west1/functions:generateUploadUrl 200
[debug] [2025-10-20T12:58:16.198Z] <<< [apiv2][body] POST https://cloudfunctions.googleapis.com/v2/projects/attila-475314/locations/europe-west1/functions:generateUploadUrl {"uploadUrl":"https://storage.googleapis.com/gcf-v2-uploads-814206807853.europe-west1.cloudfunctions.appspot.com/0a887f05-ebca-4ef5-9bf1-7962203c768a.zip?GoogleAccessId=service-814206807853@gcf-admin-robot.iam.gserviceaccount.com&Expires=1760966896&Signature=LfIMBDpl0bSUuXF%2BwQgtw9HCYG0E%2FKIgZ34S4bAk5Bz0uvM6wFWA7ltV4uQef20kuYoRIw1RU%2Fji%2B%2FiU44NAyho4gVdnu4Cgbk2YxohtWOnROD%2F5yUsaKvz5BUXL6JDGrh4wsKrp2Gk6nLAepjOTvE39RTaNG0vwSWGvrg%2BiRqvqNgEVDueo1jToVDBPXexG6S4b%2B%2Bml5m9Y4HbGycr2NXdYDJD5TsKh312PySTdZ445TkviCXoT%2B5eqG04hETn3tVvgq2LNPxLDBvnFgEOIqH0DeoLGI6Om9Cag2V%2FogiPbssBIighywxnwmNvUrMORkx6H68WrtU289EzPTPtZSQ%3D%3D","storageSource":{"bucket":"gcf-v2-uploads-814206807853.europe-west1.cloudfunctions.appspot.com","object":"0a887f05-ebca-4ef5-9bf1-7962203c768a.zip"}}
[debug] [2025-10-20T12:58:16.199Z] >>> [apiv2][query] PUT https://storage.googleapis.com/gcf-v2-uploads-814206807853.europe-west1.cloudfunctions.appspot.com/0a887f05-ebca-4ef5-9bf1-7962203c768a.zip GoogleAccessId=service-814206807853%40gcf-admin-robot.iam.gserviceaccount.com&Expires=1760966896&Signature=LfIMBDpl0bSUuXF%2BwQgtw9HCYG0E%2FKIgZ34S4bAk5Bz0uvM6wFWA7ltV4uQef20kuYoRIw1RU%2Fji%2B%2FiU44NAyho4gVdnu4Cgbk2YxohtWOnROD%2F5yUsaKvz5BUXL6JDGrh4wsKrp2Gk6nLAepjOTvE39RTaNG0vwSWGvrg%2BiRqvqNgEVDueo1jToVDBPXexG6S4b%2B%2Bml5m9Y4HbGycr2NXdYDJD5TsKh312PySTdZ445TkviCXoT%2B5eqG04hETn3tVvgq2LNPxLDBvnFgEOIqH0DeoLGI6Om9Cag2V%2FogiPbssBIighywxnwmNvUrMORkx6H68WrtU289EzPTPtZSQ%3D%3D
[debug] [2025-10-20T12:58:16.199Z] >>> [apiv2][body] PUT https://storage.googleapis.com/gcf-v2-uploads-814206807853.europe-west1.cloudfunctions.appspot.com/0a887f05-ebca-4ef5-9bf1-7962203c768a.zip [stream]
[debug] [2025-10-20T12:58:17.041Z] <<< [apiv2][status] PUT https://storage.googleapis.com/gcf-v2-uploads-814206807853.europe-west1.cloudfunctions.appspot.com/0a887f05-ebca-4ef5-9bf1-7962203c768a.zip 200
[debug] [2025-10-20T12:58:17.041Z] <<< [apiv2][body] PUT https://storage.googleapis.com/gcf-v2-uploads-814206807853.europe-west1.cloudfunctions.appspot.com/0a887f05-ebca-4ef5-9bf1-7962203c768a.zip [omitted]
[info] +  functions: functions source uploaded successfully 
[info] i  functions: creating Node.js 18 (2nd Gen) function onImageUpload(europe-west1)... 
[debug] [2025-10-20T12:58:17.050Z] Checked if tokens are valid: true, expires at: 1760967716744
[debug] [2025-10-20T12:58:17.050Z] Checked if tokens are valid: true, expires at: 1760967716744
[debug] [2025-10-20T12:58:17.050Z] >>> [apiv2][query] POST https://cloudfunctions.googleapis.com/v2/projects/attila-475314/locations/europe-west1/functions functionId=onImageUpload
[debug] [2025-10-20T12:58:17.051Z] >>> [apiv2][body] POST https://cloudfunctions.googleapis.com/v2/projects/attila-475314/locations/europe-west1/functions {"name":"projects/attila-475314/locations/europe-west1/functions/onImageUpload","buildConfig":{"runtime":"nodejs18","entryPoint":"onImageUpload","source":{"storageSource":{"bucket":"gcf-v2-uploads-814206807853.europe-west1.cloudfunctions.appspot.com","object":"0a887f05-ebca-4ef5-9bf1-7962203c768a.zip"}},"environmentVariables":{"GOOGLE_NODE_RUN_SCRIPTS":""}},"serviceConfig":{"environmentVariables":{"FIREBASE_CONFIG":"{\"projectId\":\"attila-475314\",\"storageBucket\":\"attila-475314.firebasestorage.app\"}","GCLOUD_PROJECT":"attila-475314","EVENTARC_CLOUD_EVENT_SOURCE":"projects/attila-475314/locations/europe-west1/services/onImageUpload","FUNCTION_SIGNATURE_TYPE":"cloudevent","FUNCTION_TARGET":"onImageUpload","LOG_EXECUTION_ID":"true"},"ingressSettings":null,"timeoutSeconds":120,"serviceAccountEmail":null,"availableMemory":"256Mi","minInstanceCount":null,"maxInstanceCount":null,"maxInstanceRequestConcurrency":80,"availableCpu":"1","vpcConnector":null,"vpcConnectorEgressSettings":null},"labels":{"deployment-tool":"cli-firebase","firebase-functions-hash":"95a5cc7020a4aa676552972d6f6f7ad93e75c9b1"},"eventTrigger":{"eventType":"google.cloud.storage.object.v1.finalized","retryPolicy":"RETRY_POLICY_DO_NOT_RETRY","eventFilters":[{"attribute":"bucket","value":"attila-475314.firebasestorage.app"}],"triggerRegion":"europe-west1"}}
[debug] [2025-10-20T12:58:35.297Z] <<< [apiv2][status] POST https://cloudfunctions.googleapis.com/v2/projects/attila-475314/locations/europe-west1/functions 400
[debug] [2025-10-20T12:58:35.297Z] <<< [apiv2][body] POST https://cloudfunctions.googleapis.com/v2/projects/attila-475314/locations/europe-west1/functions {"error":{"code":400,"message":"Validation failed for trigger projects/attila-475314/locations/europe-west1/triggers/onimageupload-980206: Invalid resource state for \"\": Permission denied while using the Eventarc Service Agent. If you recently started to use Eventarc, it may take a few minutes before all necessary permissions are propagated to the Service Agent. Otherwise, verify that it has Eventarc Service Agent role.","status":"FAILED_PRECONDITION"}}
[warn] !  functions: Request to https://cloudfunctions.googleapis.com/v2/projects/attila-475314/locations/europe-west1/functions?functionId=onImageUpload had HTTP Error: 400, Validation failed for trigger projects/attila-475314/locations/europe-west1/triggers/onimageupload-980206: Invalid resource state for "": Permission denied while using the Eventarc Service Agent. If you recently started to use Eventarc, it may take a few minutes before all necessary permissions are propagated to the Service Agent. Otherwise, verify that it has Eventarc Service Agent role. 
[warn] !  functions: Since this is your first time using 2nd gen functions, we need a little bit longer to finish setting everything up. Retry the deployment in a few minutes. 
[warn] !  functions:  failed to create function projects/attila-475314/locations/europe-west1/functions/onImageUpload 
[error] Failed to create function projects/attila-475314/locations/europe-west1/functions/onImageUpload
[debug] [2025-10-20T12:58:35.303Z] Total Function Deployment time: 18253
[debug] [2025-10-20T12:58:35.303Z] 1 Functions Deployed
[debug] [2025-10-20T12:58:35.303Z] 1 Functions Errored
[debug] [2025-10-20T12:58:35.303Z] 0 Function Deployments Aborted
[debug] [2025-10-20T12:58:35.303Z] Average Function Deployment time: 18252
[info] 
[info] Functions deploy had errors with the following functions:
	onImageUpload(europe-west1)
[debug] [2025-10-20T12:58:35.306Z] Checked if tokens are valid: true, expires at: 1760967716744
[debug] [2025-10-20T12:58:35.306Z] Checked if tokens are valid: true, expires at: 1760967716744
[debug] [2025-10-20T12:58:35.306Z] >>> [apiv2][query] GET https://artifactregistry.googleapis.com/v1/projects/attila-475314/locations/europe-west1/repositories/gcf-artifacts [none]
[debug] [2025-10-20T12:58:35.737Z] <<< [apiv2][status] GET https://artifactregistry.googleapis.com/v1/projects/attila-475314/locations/europe-west1/repositories/gcf-artifacts 404
[debug] [2025-10-20T12:58:35.737Z] <<< [apiv2][body] GET https://artifactregistry.googleapis.com/v1/projects/attila-475314/locations/europe-west1/repositories/gcf-artifacts {"error":{"code":404,"message":"Requested entity was not found.","status":"NOT_FOUND"}}
[debug] [2025-10-20T12:58:35.738Z] Failed to check artifact cleanup policy for region europe-west1: Request to https://artifactregistry.googleapis.com/v1/projects/attila-475314/locations/europe-west1/repositories/gcf-artifacts had HTTP Error: 404, Requested entity was not found. {"name":"FirebaseError","children":[],"context":{"body":{"error":{"code":404,"message":"Requested entity was not found.","status":"NOT_FOUND"}},"response":{"statusCode":404}},"exit":1,"message":"Request to https://artifactregistry.googleapis.com/v1/projects/attila-475314/locations/europe-west1/repositories/gcf-artifacts had HTTP Error: 404, Requested entity was not found.","status":404}
[debug] [2025-10-20T12:58:35.738Z] Functions deploy failed.
[debug] [2025-10-20T12:58:35.738Z] {
  "endpoint": {
    "id": "onImageUpload",
    "project": "attila-475314",
    "region": "europe-west1",
    "entryPoint": "onImageUpload",
    "platform": "gcfv2",
    "runtime": "nodejs18",
    "eventTrigger": {
      "eventType": "google.cloud.storage.object.v1.finalized",
      "retry": false,
      "eventFilters": {
        "bucket": "attila-475314.firebasestorage.app"
      },
      "region": "europe-west1"
    },
    "labels": {
      "deployment-tool": "cli-firebase"
    },
    "serviceAccount": null,
    "ingressSettings": null,
    "availableMemoryMb": null,
    "timeoutSeconds": 120,
    "maxInstances": null,
    "minInstances": null,
    "concurrency": 80,
    "vpc": null,
    "environmentVariables": {
      "FIREBASE_CONFIG": "{\"projectId\":\"attila-475314\",\"storageBucket\":\"attila-475314.firebasestorage.app\"}",
      "GCLOUD_PROJECT": "attila-475314",
      "EVENTARC_CLOUD_EVENT_SOURCE": "projects/attila-475314/locations/europe-west1/services/onImageUpload"
    },
    "codebase": "default",
    "cpu": 1,
    "targetedByOnly": false,
    "hash": "95a5cc7020a4aa676552972d6f6f7ad93e75c9b1"
  },
  "op": "create",
  "original": {
    "name": "FirebaseError",
    "children": [],
    "context": {
      "function": "projects/attila-475314/locations/europe-west1/functions/onImageUpload"
    },
    "exit": 1,
    "message": "Failed to create function projects/attila-475314/locations/europe-west1/functions/onImageUpload",
    "original": {
      "name": "FirebaseError",
      "children": [],
      "context": {
        "body": {
          "error": {
            "code": 400,
            "message": "Validation failed for trigger projects/attila-475314/locations/europe-west1/triggers/onimageupload-980206: Invalid resource state for \"\": Permission denied while using the Eventarc Service Agent. If you recently started to use Eventarc, it may take a few minutes before all necessary permissions are propagated to the Service Agent. Otherwise, verify that it has Eventarc Service Agent role.",
            "status": "FAILED_PRECONDITION"
          }
        },
        "response": {
          "statusCode": 400
        }
      },
      "exit": 1,
      "message": "Request to https://cloudfunctions.googleapis.com/v2/projects/attila-475314/locations/europe-west1/functions?functionId=onImageUpload had HTTP Error: 400, Validation failed for trigger projects/attila-475314/locations/europe-west1/triggers/onimageupload-980206: Invalid resource state for \"\": Permission denied while using the Eventarc Service Agent. If you recently started to use Eventarc, it may take a few minutes before all necessary permissions are propagated to the Service Agent. Otherwise, verify that it has Eventarc Service Agent role.",
      "status": 400
    },
    "status": 400,
    "code": 400
  }
}
[debug] [2025-10-20T12:58:35.739Z] Error: Failed to create function onImageUpload in region europe-west1
    at C:\Users\attil\AppData\Roaming\npm\node_modules\firebase-tools\lib\deploy\functions\release\fabricator.js:306:27
    at process.processTicksAndRejections (node:internal/process/task_queues:105:5)
    at async Fabricator.createV2Function (C:\Users\attil\AppData\Roaming\npm\node_modules\firebase-tools\lib\deploy\functions\release\fabricator.js:290:30)
    at async Fabricator.createEndpoint (C:\Users\attil\AppData\Roaming\npm\node_modules\firebase-tools\lib\deploy\functions\release\fabricator.js:137:13)
    at async handle (C:\Users\attil\AppData\Roaming\npm\node_modules\firebase-tools\lib\deploy\functions\release\fabricator.js:89:17)
[error] 
[error] Error: There was an error deploying functions
